<?xml version="1.0" encoding="UTF-8"?>
<!-- Generated by org.testng.reporters.JUnitReportReporter -->
<testsuite hostname="LAPTOP-92IDCA80" failures="0" tests="5" name="com.sample.www.GoogleSearch" time="10.840" errors="0" timestamp="2022-08-07T17:01:09 EET" skipped="0">
  <testcase classname="com.sample.www.GoogleSearch" name="VerifyGoogleOpened" time="3.806"/>
  <system-out/>
  <testcase classname="com.sample.www.GoogleSearch" name="VerifyVodafoneSearch" time="3.222"/>
  <system-out/>
  <testcase classname="com.sample.www.GoogleSearch" name="VerifyScrollDownPageTwo" time="1.876"/>
  <system-out/>
  <testcase classname="com.sample.www.GoogleSearch" name="VerifyScrollDownPagThree" time="1.935"/>
  <system-out/>
  <testcase classname="com.sample.www.GoogleSearch" name="VerifyNumberOfSearchResults" time="0.001"/>
  <system-out/>
</testsuite> <!-- com.sample.www.GoogleSearch -->
